[storageapi-stg.fleek.co/02eb2591-f5e0-4e2f-a6c1-fc914a8143e9-bucket/wordindx.html]
[backblue.gif]
[fade.gif]
[index.html]
[ajax.googleapis.com/ajax/libs/jquery/2.2.4/jquery.min.js]
[code.jquery.com/jquery-3.1.1.min.js]
[maxcdn.bootstrapcdn.com/bootstrap/4.0.0/css/bootstrap.min.css]
[kit.fontawesome.com/585b051251.js]
[kit-free.fontawesome.com/releases/latest/css/free.min.css]
[kit-free.fontawesome.com/releases/latest/css/free-v4-shims.min.css]
[i.gyazo.com/214d89a26f0ac918a09f216a1b0f97b4.png]
[code.jquery.com/jquery-3.2.1.slim.min.js]
[cdnjs.cloudflare.com/ajax/libs/popper.js/1.12.9/umd/popper.min.js]
[maxcdn.bootstrapcdn.com/bootstrap/4.0.0/js/bootstrap.min.js]
[storageapi-stg.fleek.co/02eb2591-f5e0-4e2f-a6c1-fc914a8143e9-bucket/wordindx.html]
[maxcdn.bootstrapcdn.com/bootstrap/4.0.0/css/bootstrap.min.css]
[kit-free.fontawesome.com/releases/latest/css/free.min.css]
[kit-free.fontawesome.com/releases/latest/css/free-v4-shims.min.css]
[stackpath.bootstrapcdn.com/bootstrap/4.1.3/js/bootstrap.min.js]
[app.forexliteoptions.com/core/database/xero/css/hover.css]
